[2024-12-29T18:22:17.483Z] [32minfo[39m: Server running on 3001
[2024-12-29T18:23:22.120Z] [32minfo[39m: Server running on 3001
[2024-12-29T18:24:39.748Z] [32minfo[39m: Server running on 3001
[2024-12-29T18:25:14.726Z] [32minfo[39m: Server running on 3001
[2024-12-29T18:25:37.632Z] [32minfo[39m: Server running on 3001
[2024-12-29T18:25:58.600Z] [32minfo[39m: Server running on 3001
[2024-12-29T18:26:15.980Z] [32minfo[39m: Server running on 3001
[2024-12-29T18:26:34.942Z] [32minfo[39m: Server running on 3001
[2024-12-29T18:27:04.736Z] [32minfo[39m: Connected to Redis...
[2024-12-29T18:27:04.749Z] [32minfo[39m: Redis is ready
[2024-12-29T18:27:04.788Z] [32minfo[39m: Server running on 3001
[2024-12-29T18:27:23.670Z] [32minfo[39m: Connected to Redis...
[2024-12-29T18:27:23.683Z] [32minfo[39m: Redis is ready
[2024-12-29T18:27:23.708Z] [32minfo[39m: Server running on 3001
[2024-12-29T18:27:45.611Z] [32minfo[39m: Connected to Redis...
[2024-12-29T18:27:45.624Z] [32minfo[39m: Redis is ready
[2024-12-29T18:27:45.648Z] [32minfo[39m: Server running on 3001
[2024-12-29T18:27:53.028Z] [32minfo[39m: Connected to Redis...
[2024-12-29T18:27:53.047Z] [32minfo[39m: Redis is ready
[2024-12-29T18:27:53.083Z] [32minfo[39m: Server running on 3001
[2024-12-29T18:33:25.136Z] [32minfo[39m: Bearer eyJhbGciOiJIUzI1NiIsInR5cCI6IkpXVCJ9.eyJ1c2VySUQiOjE1LCJyb2xlIjoidXNlciIsImVtYWlsIjoibG9sZGFueXVsQGdtYWlsLmNvbSIsImVtcmkiOiJEaXRhIiwibWJpZW1yaSI6IkRpdGEiLCJpYXQiOjE3MzU0OTU4MTgsImV4cCI6MTczODA4NzgxOH0.m2jE_x6hRYyum2gjdVMd6P9Iv0g0tUS2Or2Ty5hfOP0
[2024-12-29T18:36:12.473Z] [32minfo[39m: Connected to Redis...
[2024-12-29T18:36:12.489Z] [32minfo[39m: Redis is ready
[2024-12-29T18:36:12.517Z] [32minfo[39m: Server running on 3001
[2024-12-29T18:36:23.215Z] [32minfo[39m: Request received:
[2024-12-29T18:36:23.278Z] [32minfo[39m: Sign-in successful for email:
[2024-12-29T18:36:28.662Z] [32minfo[39m: Serving teachers from cache...
[2024-12-29T18:36:28.667Z] [32minfo[39m: Serving teachers from cache...
[2024-12-29T18:37:23.555Z] [32minfo[39m: Bearer eyJhbGciOiJIUzI1NiIsInR5cCI6IkpXVCJ9.eyJ1c2VySUQiOjIsInJvbGUiOiJhZG1pbiIsImVtYWlsIjoiaGdAZ21haWwuY29tIiwiZW1yaSI6IkhhbmEiLCJtYmllbXJpIjoiR2FzaGkiLCJpYXQiOjE3MzU0OTczODMsImV4cCI6MTczODA4OTM4M30.bykn3cQk6IaVFuEykxMQTGcSVjUfl1XmT6FbfbF4vIQ
[2024-12-29T18:38:34.683Z] [32minfo[39m: Connected to Redis...
[2024-12-29T18:38:34.697Z] [32minfo[39m: Redis is ready
[2024-12-29T18:38:34.726Z] [32minfo[39m: Server running on 3001
[2024-12-29T18:38:37.820Z] [32minfo[39m: Bearer eyJhbGciOiJIUzI1NiIsInR5cCI6IkpXVCJ9.eyJ1c2VySUQiOjIsInJvbGUiOiJhZG1pbiIsImVtYWlsIjoiaGdAZ21haWwuY29tIiwiZW1yaSI6IkhhbmEiLCJtYmllbXJpIjoiR2FzaGkiLCJpYXQiOjE3MzU0OTczODMsImV4cCI6MTczODA4OTM4M30.bykn3cQk6IaVFuEykxMQTGcSVjUfl1XmT6FbfbF4vIQ
[2024-12-29T18:38:37.824Z] [32minfo[39m: [object Object]
[2024-12-29T18:38:37.824Z] [32minfo[39m: User ID from token:
[2024-12-29T18:38:37.838Z] [32minfo[39m: Bearer eyJhbGciOiJIUzI1NiIsInR5cCI6IkpXVCJ9.eyJ1c2VySUQiOjIsInJvbGUiOiJhZG1pbiIsImVtYWlsIjoiaGdAZ21haWwuY29tIiwiZW1yaSI6IkhhbmEiLCJtYmllbXJpIjoiR2FzaGkiLCJpYXQiOjE3MzU0OTczODMsImV4cCI6MTczODA4OTM4M30.bykn3cQk6IaVFuEykxMQTGcSVjUfl1XmT6FbfbF4vIQ
[2024-12-29T18:38:37.840Z] [32minfo[39m: [object Object]
[2024-12-29T18:38:37.840Z] [32minfo[39m: User ID from token:
[2024-12-29T18:38:37.842Z] [32minfo[39m: Serving profile from cache...
[2024-12-29T18:38:43.386Z] [32minfo[39m: Connected to Redis...
[2024-12-29T18:38:43.400Z] [32minfo[39m: Redis is ready
[2024-12-29T18:38:43.426Z] [32minfo[39m: Server running on 3001
[2024-12-29T18:40:34.410Z] [32minfo[39m: Bearer eyJhbGciOiJIUzI1NiIsInR5cCI6IkpXVCJ9.eyJ1c2VySUQiOjIsInJvbGUiOiJhZG1pbiIsImVtYWlsIjoiaGdAZ21haWwuY29tIiwiZW1yaSI6IkhhbmEiLCJtYmllbXJpIjoiR2FzaGkiLCJpYXQiOjE3MzU0OTczODMsImV4cCI6MTczODA4OTM4M30.bykn3cQk6IaVFuEykxMQTGcSVjUfl1XmT6FbfbF4vIQ
[2024-12-29T18:40:34.413Z] [32minfo[39m: [object Object]
[2024-12-29T18:40:34.414Z] [32minfo[39m: User ID from token:
[2024-12-29T18:40:34.415Z] [32minfo[39m: Serving profile from cache...
[2024-12-29T18:40:34.419Z] [32minfo[39m: Bearer eyJhbGciOiJIUzI1NiIsInR5cCI6IkpXVCJ9.eyJ1c2VySUQiOjIsInJvbGUiOiJhZG1pbiIsImVtYWlsIjoiaGdAZ21haWwuY29tIiwiZW1yaSI6IkhhbmEiLCJtYmllbXJpIjoiR2FzaGkiLCJpYXQiOjE3MzU0OTczODMsImV4cCI6MTczODA4OTM4M30.bykn3cQk6IaVFuEykxMQTGcSVjUfl1XmT6FbfbF4vIQ
[2024-12-29T18:40:34.421Z] [32minfo[39m: [object Object]
[2024-12-29T18:40:34.421Z] [32minfo[39m: User ID from token:
[2024-12-29T18:40:34.422Z] [32minfo[39m: Serving profile from cache...
[2024-12-29T18:42:47.532Z] [32minfo[39m: Bearer eyJhbGciOiJIUzI1NiIsInR5cCI6IkpXVCJ9.eyJ1c2VySUQiOjIsInJvbGUiOiJhZG1pbiIsImVtYWlsIjoiaGdAZ21haWwuY29tIiwiZW1yaSI6IkhhbmEiLCJtYmllbXJpIjoiR2FzaGkiLCJpYXQiOjE3MzU0OTczODMsImV4cCI6MTczODA4OTM4M30.bykn3cQk6IaVFuEykxMQTGcSVjUfl1XmT6FbfbF4vIQ
[2024-12-29T18:42:47.534Z] [32minfo[39m: [object Object]
[2024-12-29T18:42:47.534Z] [32minfo[39m: User ID from token:
[2024-12-29T18:42:47.535Z] [32minfo[39m: Serving profile from cache...
[2024-12-29T18:42:47.536Z] [32minfo[39m: Bearer eyJhbGciOiJIUzI1NiIsInR5cCI6IkpXVCJ9.eyJ1c2VySUQiOjIsInJvbGUiOiJhZG1pbiIsImVtYWlsIjoiaGdAZ21haWwuY29tIiwiZW1yaSI6IkhhbmEiLCJtYmllbXJpIjoiR2FzaGkiLCJpYXQiOjE3MzU0OTczODMsImV4cCI6MTczODA4OTM4M30.bykn3cQk6IaVFuEykxMQTGcSVjUfl1XmT6FbfbF4vIQ
[2024-12-29T18:42:47.537Z] [32minfo[39m: [object Object]
[2024-12-29T18:42:47.538Z] [32minfo[39m: User ID from token:
[2024-12-29T18:42:47.539Z] [32minfo[39m: Serving profile from cache...
[2024-12-29T18:45:40.160Z] [32minfo[39m: Bearer eyJhbGciOiJIUzI1NiIsInR5cCI6IkpXVCJ9.eyJ1c2VySUQiOjIsInJvbGUiOiJhZG1pbiIsImVtYWlsIjoiaGdAZ21haWwuY29tIiwiZW1yaSI6IkhhbmEiLCJtYmllbXJpIjoiR2FzaGkiLCJpYXQiOjE3MzU0OTczODMsImV4cCI6MTczODA4OTM4M30.bykn3cQk6IaVFuEykxMQTGcSVjUfl1XmT6FbfbF4vIQ
[2024-12-29T18:45:40.163Z] [32minfo[39m: [object Object]
[2024-12-29T18:45:40.163Z] [32minfo[39m: User ID from token:
[2024-12-29T18:45:40.164Z] [32minfo[39m: Serving profile from cache...
[2024-12-29T18:45:40.167Z] [32minfo[39m: Bearer eyJhbGciOiJIUzI1NiIsInR5cCI6IkpXVCJ9.eyJ1c2VySUQiOjIsInJvbGUiOiJhZG1pbiIsImVtYWlsIjoiaGdAZ21haWwuY29tIiwiZW1yaSI6IkhhbmEiLCJtYmllbXJpIjoiR2FzaGkiLCJpYXQiOjE3MzU0OTczODMsImV4cCI6MTczODA4OTM4M30.bykn3cQk6IaVFuEykxMQTGcSVjUfl1XmT6FbfbF4vIQ
[2024-12-29T18:45:40.168Z] [32minfo[39m: [object Object]
[2024-12-29T18:45:40.169Z] [32minfo[39m: User ID from token:
[2024-12-29T18:45:40.169Z] [32minfo[39m: Serving profile from cache...
[2024-12-29T19:39:22.843Z] [32minfo[39m: Bearer eyJhbGciOiJIUzI1NiIsInR5cCI6IkpXVCJ9.eyJ1c2VySUQiOjIsInJvbGUiOiJhZG1pbiIsImVtYWlsIjoiaGdAZ21haWwuY29tIiwiZW1yaSI6IkhhbmEiLCJtYmllbXJpIjoiR2FzaGkiLCJpYXQiOjE3MzU0OTczODMsImV4cCI6MTczODA4OTM4M30.bykn3cQk6IaVFuEykxMQTGcSVjUfl1XmT6FbfbF4vIQ
[2024-12-29T19:39:22.845Z] [32minfo[39m: [object Object]
[2024-12-29T19:39:22.846Z] [32minfo[39m: User ID from token:
[2024-12-29T19:39:22.863Z] [32minfo[39m: Bearer eyJhbGciOiJIUzI1NiIsInR5cCI6IkpXVCJ9.eyJ1c2VySUQiOjIsInJvbGUiOiJhZG1pbiIsImVtYWlsIjoiaGdAZ21haWwuY29tIiwiZW1yaSI6IkhhbmEiLCJtYmllbXJpIjoiR2FzaGkiLCJpYXQiOjE3MzU0OTczODMsImV4cCI6MTczODA4OTM4M30.bykn3cQk6IaVFuEykxMQTGcSVjUfl1XmT6FbfbF4vIQ
[2024-12-29T19:39:22.865Z] [32minfo[39m: [object Object]
[2024-12-29T19:39:22.865Z] [32minfo[39m: User ID from token:
[2024-12-29T19:39:22.866Z] [32minfo[39m: Serving profile from cache...
[2024-12-29T22:57:48.032Z] [32minfo[39m: Connected to Redis...
[2024-12-29T22:57:48.039Z] [32minfo[39m: Redis is ready
[2024-12-29T22:59:51.217Z] [32minfo[39m: Connected to Redis...
[2024-12-29T22:59:51.232Z] [32minfo[39m: Redis is ready
[2024-12-29T23:01:17.189Z] [32minfo[39m: Connected to Redis...
[2024-12-29T23:01:17.210Z] [32minfo[39m: Redis is ready
[2024-12-29T23:02:04.830Z] [32minfo[39m: Connected to Redis...
[2024-12-29T23:02:04.845Z] [32minfo[39m: Redis is ready
[2024-12-29T23:02:10.285Z] [32minfo[39m: Connected to Redis...
[2024-12-29T23:02:10.300Z] [32minfo[39m: Redis is ready
[2024-12-29T23:02:39.957Z] [32minfo[39m: Connected to Redis...
[2024-12-29T23:02:39.971Z] [32minfo[39m: Redis is ready
[2024-12-29T23:02:53.660Z] [32minfo[39m: Connected to Redis...
[2024-12-29T23:02:53.677Z] [32minfo[39m: Redis is ready
[2024-12-29T23:03:08.463Z] [32minfo[39m: Connected to Redis...
[2024-12-29T23:03:08.483Z] [32minfo[39m: Redis is ready
[2024-12-29T23:03:17.512Z] [32minfo[39m: Connected to Redis...
[2024-12-29T23:03:17.526Z] [32minfo[39m: Redis is ready
[2024-12-29T23:03:56.062Z] [32minfo[39m: Connected to Redis...
[2024-12-29T23:03:56.077Z] [32minfo[39m: Redis is ready
[2024-12-29T23:04:17.678Z] [32minfo[39m: Connected to Redis...
[2024-12-29T23:04:17.692Z] [32minfo[39m: Redis is ready
[2024-12-29T23:04:32.682Z] [32minfo[39m: Connected to Redis...
[2024-12-29T23:04:32.696Z] [32minfo[39m: Redis is ready
[2024-12-29T23:04:34.861Z] [32minfo[39m: Connected to Redis...
[2024-12-29T23:04:34.879Z] [32minfo[39m: Redis is ready
[2024-12-29T23:04:40.525Z] [32minfo[39m: Connected to Redis...
[2024-12-29T23:04:40.539Z] [32minfo[39m: Redis is ready
[2024-12-29T23:04:52.228Z] [32minfo[39m: Connected to Redis...
[2024-12-29T23:04:52.241Z] [32minfo[39m: Redis is ready
[2024-12-29T23:10:10.861Z] [32minfo[39m: Connected to Redis...
[2024-12-29T23:10:10.879Z] [32minfo[39m: Redis is ready
[2024-12-29T23:10:51.738Z] [32minfo[39m: Connected to Redis...
[2024-12-29T23:10:51.754Z] [32minfo[39m: Redis is ready
[2024-12-29T23:24:38.239Z] [32minfo[39m: Connected to Redis...
[2024-12-29T23:24:38.259Z] [32minfo[39m: Redis is ready
[2024-12-29T23:32:03.705Z] [32minfo[39m: Connected to Redis...
[2024-12-29T23:32:03.718Z] [32minfo[39m: Redis is ready
[2024-12-29T23:32:58.076Z] [32minfo[39m: Connected to Redis...
[2024-12-29T23:32:58.091Z] [32minfo[39m: Redis is ready
[2024-12-30T01:33:49.605Z] [31merror[39m: Redis error: getaddrinfo ENOTFOUND redis
[2024-12-30T01:34:18.029Z] [31merror[39m: Redis error: getaddrinfo ENOTFOUND redis
[2024-12-30T01:34:21.612Z] [31merror[39m: Redis error: getaddrinfo ENOTFOUND redis
[2024-12-30T01:34:36.274Z] [31merror[39m: Redis error: getaddrinfo ENOTFOUND redis
[2024-12-30T01:34:51.479Z] [31merror[39m: Redis error: getaddrinfo ENOTFOUND redis
[2024-12-30T01:35:29.352Z] [31merror[39m: Redis error: getaddrinfo ENOTFOUND redis
[2024-12-30T01:35:48.077Z] [31merror[39m: Redis error: getaddrinfo ENOTFOUND redis
[2024-12-30T01:37:05.290Z] [31merror[39m: Redis error: getaddrinfo ENOTFOUND redis
[2024-12-30T01:37:08.000Z] [31merror[39m: Redis error: getaddrinfo ENOTFOUND redis
[2024-12-30T01:37:10.736Z] [31merror[39m: Redis error: getaddrinfo ENOTFOUND redis
[2024-12-30T01:37:13.536Z] [31merror[39m: Redis error: getaddrinfo ENOTFOUND redis
[2024-12-30T01:37:16.401Z] [31merror[39m: Redis error: getaddrinfo ENOTFOUND redis
[2024-12-30T01:37:19.308Z] [31merror[39m: Redis error: getaddrinfo ENOTFOUND redis
[2024-12-30T01:37:22.257Z] [31merror[39m: Redis error: getaddrinfo ENOTFOUND redis
[2024-12-30T01:37:25.267Z] [31merror[39m: Redis error: getaddrinfo ENOTFOUND redis
[2024-12-30T01:37:28.304Z] [31merror[39m: Redis error: getaddrinfo ENOTFOUND redis
[2024-12-30T01:37:45.362Z] [31merror[39m: Redis error: getaddrinfo ENOTFOUND redis
[2024-12-30T01:39:27.439Z] [31merror[39m: Redis error: getaddrinfo ENOTFOUND redis
[2024-12-30T02:01:31.685Z] [31merror[39m: Redis error: getaddrinfo ENOTFOUND redis
[2024-12-30T02:01:40.884Z] [31merror[39m: Redis error: getaddrinfo ENOTFOUND redis
[2024-12-30T02:01:43.595Z] [31merror[39m: Redis error: getaddrinfo ENOTFOUND redis
[2024-12-30T02:01:46.349Z] [31merror[39m: Redis error: getaddrinfo ENOTFOUND redis
[2024-12-30T02:01:49.127Z] [31merror[39m: Redis error: getaddrinfo ENOTFOUND redis
[2024-12-30T02:01:51.978Z] [31merror[39m: Redis error: getaddrinfo ENOTFOUND redis
[2024-12-30T02:01:54.891Z] [31merror[39m: Redis error: getaddrinfo ENOTFOUND redis
[2024-12-30T02:01:57.829Z] [31merror[39m: Redis error: getaddrinfo ENOTFOUND redis
[2024-12-30T02:02:00.815Z] [31merror[39m: Redis error: getaddrinfo ENOTFOUND redis
[2024-12-30T02:02:03.863Z] [31merror[39m: Redis error: getaddrinfo ENOTFOUND redis
[2024-12-30T02:02:06.956Z] [31merror[39m: Redis error: getaddrinfo ENOTFOUND redis
[2024-12-30T02:38:34.281Z] [31merror[39m: Redis error: getaddrinfo ENOTFOUND redis
[2024-12-30T02:39:35.242Z] [31merror[39m: Redis error: getaddrinfo ENOTFOUND redis
[2024-12-30T02:39:37.961Z] [31merror[39m: Redis error: getaddrinfo ENOTFOUND redis
[2024-12-30T02:39:40.732Z] [31merror[39m: Redis error: getaddrinfo ENOTFOUND redis
[2024-12-30T02:39:43.529Z] [31merror[39m: Redis error: getaddrinfo ENOTFOUND redis
[2024-12-30T02:39:46.381Z] [31merror[39m: Redis error: getaddrinfo ENOTFOUND redis
[2024-12-30T02:39:49.289Z] [31merror[39m: Redis error: getaddrinfo ENOTFOUND redis
[2024-12-30T02:39:52.246Z] [31merror[39m: Redis error: getaddrinfo ENOTFOUND redis
[2024-12-30T02:39:55.262Z] [31merror[39m: Redis error: getaddrinfo ENOTFOUND redis
[2024-12-30T02:39:58.323Z] [31merror[39m: Redis error: getaddrinfo ENOTFOUND redis
[2024-12-30T02:40:01.431Z] [31merror[39m: Redis error: getaddrinfo ENOTFOUND redis
[2024-12-30T02:40:04.606Z] [31merror[39m: Redis error: getaddrinfo ENOTFOUND redis
[2024-12-30T02:40:07.827Z] [31merror[39m: Redis error: getaddrinfo ENOTFOUND redis
[2024-12-30T02:40:11.034Z] [31merror[39m: Redis error: getaddrinfo ENOTFOUND redis
[2024-12-30T02:40:14.258Z] [31merror[39m: Redis error: getaddrinfo ENOTFOUND redis
[2024-12-30T02:40:17.469Z] [31merror[39m: Redis error: getaddrinfo ENOTFOUND redis
[2024-12-30T02:40:20.688Z] [31merror[39m: Redis error: getaddrinfo ENOTFOUND redis
[2024-12-30T02:40:23.907Z] [31merror[39m: Redis error: getaddrinfo ENOTFOUND redis
[2024-12-30T02:40:27.122Z] [31merror[39m: Redis error: getaddrinfo ENOTFOUND redis
[2024-12-30T02:40:30.336Z] [31merror[39m: Redis error: getaddrinfo ENOTFOUND redis
[2024-12-30T02:40:31.745Z] [32minfo[39m: Connected to Redis...
[2024-12-30T02:40:31.759Z] [32minfo[39m: Redis is ready
[2024-12-30T02:41:00.034Z] [32minfo[39m: Connected to Redis...
[2024-12-30T02:41:00.047Z] [32minfo[39m: Redis is ready
[2024-12-30T02:44:07.710Z] [32minfo[39m: Connected to Redis...
[2024-12-30T02:44:07.724Z] [32minfo[39m: Redis is ready
[2024-12-30T02:46:27.967Z] [32minfo[39m: Connected to Redis...
[2024-12-30T02:46:27.981Z] [32minfo[39m: Redis is ready
[2024-12-30T02:47:43.682Z] [31merror[39m: Redis error: read ECONNRESET
[2024-12-30T02:47:43.690Z] [31merror[39m: Redis error:
[2024-12-30T02:47:43.709Z] [31merror[39m: Redis error:
[2024-12-30T02:47:43.775Z] [31merror[39m: Redis error:
[2024-12-30T02:47:43.879Z] [31merror[39m: Redis error:
[2024-12-30T02:47:44.042Z] [31merror[39m: Redis error:
[2024-12-30T02:47:44.261Z] [31merror[39m: Redis error:
[2024-12-30T02:47:44.529Z] [31merror[39m: Redis error:
[2024-12-30T02:47:44.843Z] [31merror[39m: Redis error:
[2024-12-30T02:47:45.208Z] [31merror[39m: Redis error:
[2024-12-30T02:47:45.620Z] [31merror[39m: Redis error:
[2024-12-30T02:47:46.079Z] [31merror[39m: Redis error:
[2024-12-30T02:50:03.796Z] [32minfo[39m: Connected to Redis...
[2024-12-30T02:50:03.810Z] [32minfo[39m: Redis is ready
[2024-12-30T02:51:54.816Z] [32minfo[39m: Connected to Redis...
[2024-12-30T02:51:54.831Z] [32minfo[39m: Redis is ready
[2024-12-30T02:53:55.239Z] [32minfo[39m: Connected to Redis...
[2024-12-30T02:53:55.254Z] [32minfo[39m: Redis is ready
[2024-12-30T02:54:15.445Z] [32minfo[39m: Cache miss, fetching from database...
[2024-12-30T02:54:15.454Z] [32minfo[39m: Storing teachers in Redis cache...
[2024-12-30T02:54:24.962Z] [32minfo[39m: Connected to Redis...
[2024-12-30T02:54:24.976Z] [32minfo[39m: Redis is ready
[2024-12-30T02:54:26.415Z] [32minfo[39m: Serving teachers from cache...
[2024-12-30T02:55:36.261Z] [32minfo[39m: Connected to Redis...
[2024-12-30T02:55:36.275Z] [32minfo[39m: Redis is ready
[2024-12-30T02:55:46.923Z] [32minfo[39m: Serving teachers from cache...
[2024-12-30T02:56:18.705Z] [32minfo[39m: Connected to Redis...
[2024-12-30T02:56:18.720Z] [32minfo[39m: Redis is ready
[2024-12-30T02:56:36.276Z] [32minfo[39m: Connected to Redis...
[2024-12-30T02:56:36.291Z] [32minfo[39m: Redis is ready
[2024-12-30T02:56:56.027Z] [32minfo[39m: Connected to Redis...
[2024-12-30T02:56:56.042Z] [32minfo[39m: Redis is ready
[2024-12-30T02:57:13.197Z] [32minfo[39m: Connected to Redis...
[2024-12-30T02:57:13.213Z] [32minfo[39m: Redis is ready
[2024-12-30T02:57:25.712Z] [32minfo[39m: Connected to Redis...
[2024-12-30T02:57:25.726Z] [32minfo[39m: Redis is ready
[2024-12-30T03:00:37.390Z] [32minfo[39m: Connected to Redis...
[2024-12-30T03:00:37.405Z] [32minfo[39m: Redis is ready
[2024-12-30T03:02:00.329Z] [32minfo[39m: Connected to Redis...
[2024-12-30T03:02:00.334Z] [32minfo[39m: Redis is ready
